<?xml version="1.0" encoding="UTF-8"?>
<coverage generated="1626148107364" clover="3.2.0">
  <project timestamp="1626148107364" name="All files">
    <metrics statements="18" coveredstatements="9" conditionals="0" coveredconditionals="0" methods="4" coveredmethods="3" elements="22" coveredelements="12" complexity="0" loc="18" ncloc="18" packages="1" files="4" classes="4"/>
    <file name="app.controller.ts" path="/Users/tkssharma/nestjs-12factor-app/nestjs-cli-baseline/src/app.controller.ts">
      <metrics statements="6" coveredstatements="6" conditionals="0" coveredconditionals="0" methods="2" coveredmethods="2"/>
      <line num="1" count="1" type="stmt"/>
      <line num="2" count="1" type="stmt"/>
      <line num="5" count="1" type="stmt"/>
      <line num="6" count="1" type="stmt"/>
      <line num="9" count="1" type="stmt"/>
      <line num="10" count="1" type="stmt"/>
    </file>
    <file name="app.module.ts" path="/Users/tkssharma/nestjs-12factor-app/nestjs-cli-baseline/src/app.module.ts">
      <metrics statements="4" coveredstatements="0" conditionals="0" coveredconditionals="0" methods="0" coveredmethods="0"/>
      <line num="1" count="0" type="stmt"/>
      <line num="2" count="0" type="stmt"/>
      <line num="3" count="0" type="stmt"/>
      <line num="10" count="0" type="stmt"/>
    </file>
    <file name="app.service.ts" path="/Users/tkssharma/nestjs-12factor-app/nestjs-cli-baseline/src/app.service.ts">
      <metrics statements="3" coveredstatements="3" conditionals="0" coveredconditionals="0" methods="1" coveredmethods="1"/>
      <line num="1" count="1" type="stmt"/>
      <line num="4" count="1" type="stmt"/>
      <line num="6" count="1" type="stmt"/>
    </file>
    <file name="main.ts" path="/Users/tkssharma/nestjs-12factor-app/nestjs-cli-baseline/src/main.ts">
      <metrics statements="5" coveredstatements="0" conditionals="0" coveredconditionals="0" methods="1" coveredmethods="0"/>
      <line num="1" count="0" type="stmt"/>
      <line num="2" count="0" type="stmt"/>
      <line num="5" count="0" type="stmt"/>
      <line num="6" count="0" type="stmt"/>
      <line num="8" count="0" type="stmt"/>
    </file>
  </project>
</coverage>
